<?xml version="1.0" encoding="UTF-8"?>
<testsuite xmlns:xsi="http://www.w3.org/2001/XMLSchema-instance" xsi:noNamespaceSchemaLocation="https://maven.apache.org/surefire/maven-surefire-plugin/xsd/surefire-test-report.xsd" name="testRunner.Test_Runner" time="86.305" tests="7" errors="3" skipped="0" failures="0">
  <properties>
    <property name="java.specification.version" value="15"/>
    <property name="sun.cpu.isalist" value="amd64"/>
    <property name="sun.jnu.encoding" value="Cp1252"/>
    <property name="java.class.path" value="C:\Users\chowd\eclipse-workspace\Cucumber-6-project\target\test-classes;C:\Users\chowd\eclipse-workspace\Cucumber-6-project\target\classes;C:\Users\chowd\.m2\repository\org\seleniumhq\selenium\selenium-java\3.141.59\selenium-java-3.141.59.jar;C:\Users\chowd\.m2\repository\org\seleniumhq\selenium\selenium-api\3.141.59\selenium-api-3.141.59.jar;C:\Users\chowd\.m2\repository\org\seleniumhq\selenium\selenium-chrome-driver\3.141.59\selenium-chrome-driver-3.141.59.jar;C:\Users\chowd\.m2\repository\org\seleniumhq\selenium\selenium-edge-driver\3.141.59\selenium-edge-driver-3.141.59.jar;C:\Users\chowd\.m2\repository\org\seleniumhq\selenium\selenium-firefox-driver\3.141.59\selenium-firefox-driver-3.141.59.jar;C:\Users\chowd\.m2\repository\org\seleniumhq\selenium\selenium-ie-driver\3.141.59\selenium-ie-driver-3.141.59.jar;C:\Users\chowd\.m2\repository\org\seleniumhq\selenium\selenium-opera-driver\3.141.59\selenium-opera-driver-3.141.59.jar;C:\Users\chowd\.m2\repository\org\seleniumhq\selenium\selenium-remote-driver\3.141.59\selenium-remote-driver-3.141.59.jar;C:\Users\chowd\.m2\repository\org\seleniumhq\selenium\selenium-safari-driver\3.141.59\selenium-safari-driver-3.141.59.jar;C:\Users\chowd\.m2\repository\org\seleniumhq\selenium\selenium-support\3.141.59\selenium-support-3.141.59.jar;C:\Users\chowd\.m2\repository\net\bytebuddy\byte-buddy\1.8.15\byte-buddy-1.8.15.jar;C:\Users\chowd\.m2\repository\org\apache\commons\commons-exec\1.3\commons-exec-1.3.jar;C:\Users\chowd\.m2\repository\com\google\guava\guava\25.0-jre\guava-25.0-jre.jar;C:\Users\chowd\.m2\repository\com\google\code\findbugs\jsr305\1.3.9\jsr305-1.3.9.jar;C:\Users\chowd\.m2\repository\org\checkerframework\checker-compat-qual\2.0.0\checker-compat-qual-2.0.0.jar;C:\Users\chowd\.m2\repository\com\google\errorprone\error_prone_annotations\2.1.3\error_prone_annotations-2.1.3.jar;C:\Users\chowd\.m2\repository\com\google\j2objc\j2objc-annotations\1.1\j2objc-annotations-1.1.jar;C:\Users\chowd\.m2\repository\org\codehaus\mojo\animal-sniffer-annotations\1.14\animal-sniffer-annotations-1.14.jar;C:\Users\chowd\.m2\repository\com\squareup\okhttp3\okhttp\3.11.0\okhttp-3.11.0.jar;C:\Users\chowd\.m2\repository\com\squareup\okio\okio\1.14.0\okio-1.14.0.jar;C:\Users\chowd\.m2\repository\io\cucumber\cucumber-java\6.10.4\cucumber-java-6.10.4.jar;C:\Users\chowd\.m2\repository\io\cucumber\cucumber-core\6.10.4\cucumber-core-6.10.4.jar;C:\Users\chowd\.m2\repository\io\cucumber\cucumber-gherkin\6.10.4\cucumber-gherkin-6.10.4.jar;C:\Users\chowd\.m2\repository\io\cucumber\cucumber-gherkin-messages\6.10.4\cucumber-gherkin-messages-6.10.4.jar;C:\Users\chowd\.m2\repository\io\cucumber\messages\15.0.0\messages-15.0.0.jar;C:\Users\chowd\.m2\repository\io\cucumber\tag-expressions\3.0.1\tag-expressions-3.0.1.jar;C:\Users\chowd\.m2\repository\io\cucumber\cucumber-expressions\10.3.0\cucumber-expressions-10.3.0.jar;C:\Users\chowd\.m2\repository\io\cucumber\datatable\3.5.0\datatable-3.5.0.jar;C:\Users\chowd\.m2\repository\io\cucumber\cucumber-plugin\6.10.4\cucumber-plugin-6.10.4.jar;C:\Users\chowd\.m2\repository\io\cucumber\docstring\6.10.4\docstring-6.10.4.jar;C:\Users\chowd\.m2\repository\io\cucumber\html-formatter\13.0.0\html-formatter-13.0.0.jar;C:\Users\chowd\.m2\repository\io\cucumber\create-meta\4.0.0\create-meta-4.0.0.jar;C:\Users\chowd\.m2\repository\org\apiguardian\apiguardian-api\1.1.1\apiguardian-api-1.1.1.jar;C:\Users\chowd\.m2\repository\io\cucumber\cucumber-junit\6.10.4\cucumber-junit-6.10.4.jar;C:\Users\chowd\.m2\repository\junit\junit\4.13.2\junit-4.13.2.jar;C:\Users\chowd\.m2\repository\org\hamcrest\hamcrest-core\1.3\hamcrest-core-1.3.jar;C:\Users\chowd\.m2\repository\tech\grasshopper\extentreports-cucumber6-adapter\2.8.4\extentreports-cucumber6-adapter-2.8.4.jar;C:\Users\chowd\.m2\repository\com\aventstack\extentreports\5.0.8\extentreports-5.0.8.jar;C:\Users\chowd\.m2\repository\io\reactivex\rxjava3\rxjava\3.0.4\rxjava-3.0.4.jar;C:\Users\chowd\.m2\repository\org\reactivestreams\reactive-streams\1.0.3\reactive-streams-1.0.3.jar;C:\Users\chowd\.m2\repository\org\freemarker\freemarker\2.3.30\freemarker-2.3.30.jar;C:\Users\chowd\.m2\repository\org\projectlombok\lombok\1.18.12\lombok-1.18.12.jar;C:\Users\chowd\.m2\repository\com\google\code\gson\gson\2.8.6\gson-2.8.6.jar;C:\Users\chowd\.m2\repository\tech\grasshopper\extent-pdf-report\1.7.4\extent-pdf-report-1.7.4.jar;C:\Users\chowd\.m2\repository\tech\grasshopper\cucumber-pdf-report\2.2.4\cucumber-pdf-report-2.2.4.jar;C:\Users\chowd\.m2\repository\org\apache\pdfbox\pdfbox\2.0.22\pdfbox-2.0.22.jar;C:\Users\chowd\.m2\repository\org\apache\pdfbox\fontbox\2.0.22\fontbox-2.0.22.jar;C:\Users\chowd\.m2\repository\org\knowm\xchart\xchart\3.8.0\xchart-3.8.0.jar;C:\Users\chowd\.m2\repository\de\erichseifert\vectorgraphics2d\VectorGraphics2D\0.13\VectorGraphics2D-0.13.jar;C:\Users\chowd\.m2\repository\de\rototor\pdfbox\graphics2d\0.30\graphics2d-0.30.jar;C:\Users\chowd\.m2\repository\com\madgag\animated-gif-lib\1.4\animated-gif-lib-1.4.jar;C:\Users\chowd\.m2\repository\org\yaml\snakeyaml\1.28\snakeyaml-1.28.jar;C:\Users\chowd\.m2\repository\tech\grasshopper\table-layout\1.2.0\table-layout-1.2.0.jar;C:\Users\chowd\.m2\repository\org\jsoup\jsoup\1.13.1\jsoup-1.13.1.jar;C:\Users\chowd\.m2\repository\com\aventstack\klov-reporter\5.0.8\klov-reporter-5.0.8.jar;C:\Users\chowd\.m2\repository\org\mongodb\bson\3.6.4\bson-3.6.4.jar;C:\Users\chowd\.m2\repository\org\apache\httpcomponents\httpclient\4.5.2\httpclient-4.5.2.jar;C:\Users\chowd\.m2\repository\org\apache\httpcomponents\httpcore\4.4.4\httpcore-4.4.4.jar;C:\Users\chowd\.m2\repository\commons-logging\commons-logging\1.2\commons-logging-1.2.jar;C:\Users\chowd\.m2\repository\commons-codec\commons-codec\1.9\commons-codec-1.9.jar;C:\Users\chowd\.m2\repository\org\apache\httpcomponents\httpmime\4.5.2\httpmime-4.5.2.jar;C:\Users\chowd\.m2\repository\org\mongodb\mongodb-driver\3.3.0\mongodb-driver-3.3.0.jar;C:\Users\chowd\.m2\repository\org\mongodb\mongodb-driver-core\3.3.0\mongodb-driver-core-3.3.0.jar;"/>
    <property name="java.vm.vendor" value="Oracle Corporation"/>
    <property name="sun.arch.data.model" value="64"/>
    <property name="user.variant" value=""/>
    <property name="java.vendor.url" value="https://java.oracle.com/"/>
    <property name="user.timezone" value="Asia/Calcutta"/>
    <property name="os.name" value="Windows 10"/>
    <property name="java.vm.specification.version" value="15"/>
    <property name="sun.java.launcher" value="SUN_STANDARD"/>
    <property name="user.country" value="IN"/>
    <property name="sun.boot.library.path" value="C:\Program Files\Java\jdk-15.0.2\bin"/>
    <property name="sun.java.command" value="C:\Users\chowd\AppData\Local\Temp\surefire998284441912943614\surefirebooter6510082655077145738.jar C:\Users\chowd\AppData\Local\Temp\surefire998284441912943614 2021-10-20T08-56-08_993-jvmRun1 surefire4315291833988320167tmp surefire_013746360375787862583tmp"/>
    <property name="jdk.debug" value="release"/>
    <property name="surefire.test.class.path" value="C:\Users\chowd\eclipse-workspace\Cucumber-6-project\target\test-classes;C:\Users\chowd\eclipse-workspace\Cucumber-6-project\target\classes;C:\Users\chowd\.m2\repository\org\seleniumhq\selenium\selenium-java\3.141.59\selenium-java-3.141.59.jar;C:\Users\chowd\.m2\repository\org\seleniumhq\selenium\selenium-api\3.141.59\selenium-api-3.141.59.jar;C:\Users\chowd\.m2\repository\org\seleniumhq\selenium\selenium-chrome-driver\3.141.59\selenium-chrome-driver-3.141.59.jar;C:\Users\chowd\.m2\repository\org\seleniumhq\selenium\selenium-edge-driver\3.141.59\selenium-edge-driver-3.141.59.jar;C:\Users\chowd\.m2\repository\org\seleniumhq\selenium\selenium-firefox-driver\3.141.59\selenium-firefox-driver-3.141.59.jar;C:\Users\chowd\.m2\repository\org\seleniumhq\selenium\selenium-ie-driver\3.141.59\selenium-ie-driver-3.141.59.jar;C:\Users\chowd\.m2\repository\org\seleniumhq\selenium\selenium-opera-driver\3.141.59\selenium-opera-driver-3.141.59.jar;C:\Users\chowd\.m2\repository\org\seleniumhq\selenium\selenium-remote-driver\3.141.59\selenium-remote-driver-3.141.59.jar;C:\Users\chowd\.m2\repository\org\seleniumhq\selenium\selenium-safari-driver\3.141.59\selenium-safari-driver-3.141.59.jar;C:\Users\chowd\.m2\repository\org\seleniumhq\selenium\selenium-support\3.141.59\selenium-support-3.141.59.jar;C:\Users\chowd\.m2\repository\net\bytebuddy\byte-buddy\1.8.15\byte-buddy-1.8.15.jar;C:\Users\chowd\.m2\repository\org\apache\commons\commons-exec\1.3\commons-exec-1.3.jar;C:\Users\chowd\.m2\repository\com\google\guava\guava\25.0-jre\guava-25.0-jre.jar;C:\Users\chowd\.m2\repository\com\google\code\findbugs\jsr305\1.3.9\jsr305-1.3.9.jar;C:\Users\chowd\.m2\repository\org\checkerframework\checker-compat-qual\2.0.0\checker-compat-qual-2.0.0.jar;C:\Users\chowd\.m2\repository\com\google\errorprone\error_prone_annotations\2.1.3\error_prone_annotations-2.1.3.jar;C:\Users\chowd\.m2\repository\com\google\j2objc\j2objc-annotations\1.1\j2objc-annotations-1.1.jar;C:\Users\chowd\.m2\repository\org\codehaus\mojo\animal-sniffer-annotations\1.14\animal-sniffer-annotations-1.14.jar;C:\Users\chowd\.m2\repository\com\squareup\okhttp3\okhttp\3.11.0\okhttp-3.11.0.jar;C:\Users\chowd\.m2\repository\com\squareup\okio\okio\1.14.0\okio-1.14.0.jar;C:\Users\chowd\.m2\repository\io\cucumber\cucumber-java\6.10.4\cucumber-java-6.10.4.jar;C:\Users\chowd\.m2\repository\io\cucumber\cucumber-core\6.10.4\cucumber-core-6.10.4.jar;C:\Users\chowd\.m2\repository\io\cucumber\cucumber-gherkin\6.10.4\cucumber-gherkin-6.10.4.jar;C:\Users\chowd\.m2\repository\io\cucumber\cucumber-gherkin-messages\6.10.4\cucumber-gherkin-messages-6.10.4.jar;C:\Users\chowd\.m2\repository\io\cucumber\messages\15.0.0\messages-15.0.0.jar;C:\Users\chowd\.m2\repository\io\cucumber\tag-expressions\3.0.1\tag-expressions-3.0.1.jar;C:\Users\chowd\.m2\repository\io\cucumber\cucumber-expressions\10.3.0\cucumber-expressions-10.3.0.jar;C:\Users\chowd\.m2\repository\io\cucumber\datatable\3.5.0\datatable-3.5.0.jar;C:\Users\chowd\.m2\repository\io\cucumber\cucumber-plugin\6.10.4\cucumber-plugin-6.10.4.jar;C:\Users\chowd\.m2\repository\io\cucumber\docstring\6.10.4\docstring-6.10.4.jar;C:\Users\chowd\.m2\repository\io\cucumber\html-formatter\13.0.0\html-formatter-13.0.0.jar;C:\Users\chowd\.m2\repository\io\cucumber\create-meta\4.0.0\create-meta-4.0.0.jar;C:\Users\chowd\.m2\repository\org\apiguardian\apiguardian-api\1.1.1\apiguardian-api-1.1.1.jar;C:\Users\chowd\.m2\repository\io\cucumber\cucumber-junit\6.10.4\cucumber-junit-6.10.4.jar;C:\Users\chowd\.m2\repository\junit\junit\4.13.2\junit-4.13.2.jar;C:\Users\chowd\.m2\repository\org\hamcrest\hamcrest-core\1.3\hamcrest-core-1.3.jar;C:\Users\chowd\.m2\repository\tech\grasshopper\extentreports-cucumber6-adapter\2.8.4\extentreports-cucumber6-adapter-2.8.4.jar;C:\Users\chowd\.m2\repository\com\aventstack\extentreports\5.0.8\extentreports-5.0.8.jar;C:\Users\chowd\.m2\repository\io\reactivex\rxjava3\rxjava\3.0.4\rxjava-3.0.4.jar;C:\Users\chowd\.m2\repository\org\reactivestreams\reactive-streams\1.0.3\reactive-streams-1.0.3.jar;C:\Users\chowd\.m2\repository\org\freemarker\freemarker\2.3.30\freemarker-2.3.30.jar;C:\Users\chowd\.m2\repository\org\projectlombok\lombok\1.18.12\lombok-1.18.12.jar;C:\Users\chowd\.m2\repository\com\google\code\gson\gson\2.8.6\gson-2.8.6.jar;C:\Users\chowd\.m2\repository\tech\grasshopper\extent-pdf-report\1.7.4\extent-pdf-report-1.7.4.jar;C:\Users\chowd\.m2\repository\tech\grasshopper\cucumber-pdf-report\2.2.4\cucumber-pdf-report-2.2.4.jar;C:\Users\chowd\.m2\repository\org\apache\pdfbox\pdfbox\2.0.22\pdfbox-2.0.22.jar;C:\Users\chowd\.m2\repository\org\apache\pdfbox\fontbox\2.0.22\fontbox-2.0.22.jar;C:\Users\chowd\.m2\repository\org\knowm\xchart\xchart\3.8.0\xchart-3.8.0.jar;C:\Users\chowd\.m2\repository\de\erichseifert\vectorgraphics2d\VectorGraphics2D\0.13\VectorGraphics2D-0.13.jar;C:\Users\chowd\.m2\repository\de\rototor\pdfbox\graphics2d\0.30\graphics2d-0.30.jar;C:\Users\chowd\.m2\repository\com\madgag\animated-gif-lib\1.4\animated-gif-lib-1.4.jar;C:\Users\chowd\.m2\repository\org\yaml\snakeyaml\1.28\snakeyaml-1.28.jar;C:\Users\chowd\.m2\repository\tech\grasshopper\table-layout\1.2.0\table-layout-1.2.0.jar;C:\Users\chowd\.m2\repository\org\jsoup\jsoup\1.13.1\jsoup-1.13.1.jar;C:\Users\chowd\.m2\repository\com\aventstack\klov-reporter\5.0.8\klov-reporter-5.0.8.jar;C:\Users\chowd\.m2\repository\org\mongodb\bson\3.6.4\bson-3.6.4.jar;C:\Users\chowd\.m2\repository\org\apache\httpcomponents\httpclient\4.5.2\httpclient-4.5.2.jar;C:\Users\chowd\.m2\repository\org\apache\httpcomponents\httpcore\4.4.4\httpcore-4.4.4.jar;C:\Users\chowd\.m2\repository\commons-logging\commons-logging\1.2\commons-logging-1.2.jar;C:\Users\chowd\.m2\repository\commons-codec\commons-codec\1.9\commons-codec-1.9.jar;C:\Users\chowd\.m2\repository\org\apache\httpcomponents\httpmime\4.5.2\httpmime-4.5.2.jar;C:\Users\chowd\.m2\repository\org\mongodb\mongodb-driver\3.3.0\mongodb-driver-3.3.0.jar;C:\Users\chowd\.m2\repository\org\mongodb\mongodb-driver-core\3.3.0\mongodb-driver-core-3.3.0.jar;"/>
    <property name="sun.cpu.endian" value="little"/>
    <property name="user.home" value="C:\Users\chowd"/>
    <property name="user.language" value="en"/>
    <property name="java.specification.vendor" value="Oracle Corporation"/>
    <property name="java.version.date" value="2021-01-19"/>
    <property name="java.home" value="C:\Program Files\Java\jdk-15.0.2"/>
    <property name="file.separator" value="\"/>
    <property name="basedir" value="C:\Users\chowd\eclipse-workspace\Cucumber-6-project"/>
    <property name="java.vm.compressedOopsMode" value="32-bit"/>
    <property name="line.separator" value="&#10;"/>
    <property name="java.vm.specification.vendor" value="Oracle Corporation"/>
    <property name="java.specification.name" value="Java Platform API Specification"/>
    <property name="surefire.real.class.path" value="C:\Users\chowd\AppData\Local\Temp\surefire998284441912943614\surefirebooter6510082655077145738.jar"/>
    <property name="user.script" value=""/>
    <property name="sun.management.compiler" value="HotSpot 64-Bit Tiered Compilers"/>
    <property name="java.runtime.version" value="15.0.2+7-27"/>
    <property name="user.name" value="chowd"/>
    <property name="path.separator" value=";"/>
    <property name="os.version" value="10.0"/>
    <property name="java.runtime.name" value="Java(TM) SE Runtime Environment"/>
    <property name="file.encoding" value="Cp1252"/>
    <property name="java.vm.name" value="Java HotSpot(TM) 64-Bit Server VM"/>
    <property name="localRepository" value="C:\Users\chowd\.m2\repository"/>
    <property name="java.vendor.url.bug" value="https://bugreport.java.com/bugreport/"/>
    <property name="java.io.tmpdir" value="C:\Users\chowd\AppData\Local\Temp\"/>
    <property name="java.version" value="15.0.2"/>
    <property name="user.dir" value="C:\Users\chowd\eclipse-workspace\Cucumber-6-project"/>
    <property name="os.arch" value="amd64"/>
    <property name="java.vm.specification.name" value="Java Virtual Machine Specification"/>
    <property name="sun.os.patch.level" value=""/>
    <property name="java.library.path" value="C:\Program Files\Java\jdk-15.0.2\bin;C:\Windows\Sun\Java\bin;C:\Windows\system32;C:\Windows;C:/Program Files/Java/jdk-15.0.2/bin/server;C:/Program Files/Java/jdk-15.0.2/bin;C:\Program Files\Common Files\Oracle\Java\javapath;C:\Windows\system32;C:\Windows;C:\Windows\System32\Wbem;C:\Windows\System32\WindowsPowerShell\v1.0\;C:\Windows\System32\OpenSSH\;C:\Program Files\Java\jdk-15.0.2\bin;C:\Program Files (x86)\Microsoft SQL Server\150\Tools\Binn\;C:\Program Files\Microsoft SQL Server\150\Tools\Binn\;C:\Program Files\Microsoft SQL Server\150\DTS\Binn\;C:\Program Files\Microsoft SQL Server\Client SDK\ODBC\170\Tools\Binn\;C:\Program Files\PuTTY\;C:\Program Files\apache-maven-3.8.2\bin;C:\Program Files\nodejs\;C:\Users\chowd\AppData\Local\Microsoft\WindowsApps;;C:\Program Files\JetBrains\IntelliJ IDEA Community Edition 2020.3.1\bin;;C:\Users\chowd\AppData\Local\Programs\Microsoft VS Code\bin;C:\Users\chowd\AppData\Roaming\npm;C:\Users\chowd\OneDrive\Desktop;;."/>
    <property name="java.vm.info" value="mixed mode, sharing"/>
    <property name="java.vendor" value="Oracle Corporation"/>
    <property name="java.vm.version" value="15.0.2+7-27"/>
    <property name="sun.io.unicode.encoding" value="UnicodeLittle"/>
    <property name="java.class.version" value="59.0"/>
  </properties>
  <testcase name="Successfully add a customer in the webpage" classname="Add customer" time="21.718"/>
  <testcase name="Successfully search a customer by email id" classname="Search customer" time="19.293"/>
  <testcase name="Successfully search a customer by Firstname and lastname" classname="Search customer" time="14.257"/>
  <testcase name="login with valid and Invalid credentials #1" classname="Test login functionality" time="12.727"/>
  <testcase name="login with valid and Invalid credentials #2" classname="Test login functionality" time="4.73">
    <error message="Invalid page with different title" type="java.lang.Exception">java.lang.Exception: Invalid page with different title
</error>
    <system-out><![CDATA[
Scenario Outline: login with valid and Invalid credentials                                 # Features/loginpage.feature:16
  Given user opens the browser                                                             # stepDefinitions.LoginSteps.user_opens_the_browser()
  When user opens the URL "https://admin-demo.nopcommerce.com/login"                       # stepDefinitions.LoginSteps.user_opens_the_URL(java.lang.String)
  And user enters email as "admin@yourstore.com" and password as "dcr"                     # stepDefinitions.LoginSteps.user_enters_email_as_and_password_as(java.lang.String,java.lang.String)
  And user click on login button                                                           # stepDefinitions.LoginSteps.user_click_on_login_button()
Expected: Dashboard / nopCommerce administration----------Actual: Your store. Login
  Then the page with title should be "Dashboard / nopCommerce administration" is displayed # stepDefinitions.LoginSteps.the_page_with_title_should_be_is_displayed(java.lang.String)
      java.lang.Exception: Invalid page with different title
	at stepDefinitions.LoginSteps.the_page_with_title_should_be_is_displayed(LoginSteps.java:46)
	at âœ½.the page with title should be "Dashboard / nopCommerce administration" is displayed(file:///C:/Users/chowd/eclipse-workspace/Cucumber-6-project/Features/loginpage.feature:8)

  When user clicks on the logout lik                                                       # stepDefinitions.LoginSteps.user_clicks_on_the_logout_lik()
  Then the page title should be "Your store. Login"                                        # stepDefinitions.LoginSteps.the_page_title_should_be(java.lang.String)
  And close the browser                                                                    # stepDefinitions.LoginSteps.close_the_browser()

    Embedding screenshot [image/png 66349 bytes]

]]></system-out>
    <system-err><![CDATA[Starting ChromeDriver 93.0.4577.15 (660fc11082ba57405eca2e8c49c3e1af756fbfae-refs/branch-heads/4577@{#203}) on port 37869
Only local connections are allowed.
Please see https://chromedriver.chromium.org/security-considerations for suggestions on keeping ChromeDriver safe.
ChromeDriver was started successfully.
[1634700441.037][WARNING]: This version of ChromeDriver has not been tested with Chrome version 94.
Oct 20, 2021 8:57:21 AM org.openqa.selenium.remote.ProtocolHandshake createSession
INFO: Detected dialect: W3C
]]></system-err>
  </testcase>
  <testcase name="login with valid and Invalid credentials #3" classname="Test login functionality" time="7.836">
    <error message="Invalid page with different title" type="java.lang.Exception">java.lang.Exception: Invalid page with different title
</error>
    <system-out><![CDATA[
Scenario Outline: login with valid and Invalid credentials                                 # Features/loginpage.feature:17
  Given user opens the browser                                                             # stepDefinitions.LoginSteps.user_opens_the_browser()
  When user opens the URL "https://admin-demo.nopcommerce.com/login"                       # stepDefinitions.LoginSteps.user_opens_the_URL(java.lang.String)
  And user enters email as "dcr@gmail.com" and password as "admin"                         # stepDefinitions.LoginSteps.user_enters_email_as_and_password_as(java.lang.String,java.lang.String)
  And user click on login button                                                           # stepDefinitions.LoginSteps.user_click_on_login_button()
Expected: Dashboard / nopCommerce administration----------Actual: Your store. Login
  Then the page with title should be "Dashboard / nopCommerce administration" is displayed # stepDefinitions.LoginSteps.the_page_with_title_should_be_is_displayed(java.lang.String)
      java.lang.Exception: Invalid page with different title
	at stepDefinitions.LoginSteps.the_page_with_title_should_be_is_displayed(LoginSteps.java:46)
	at âœ½.the page with title should be "Dashboard / nopCommerce administration" is displayed(file:///C:/Users/chowd/eclipse-workspace/Cucumber-6-project/Features/loginpage.feature:8)

  When user clicks on the logout lik                                                       # stepDefinitions.LoginSteps.user_clicks_on_the_logout_lik()
  Then the page title should be "Your store. Login"                                        # stepDefinitions.LoginSteps.the_page_title_should_be(java.lang.String)
  And close the browser                                                                    # stepDefinitions.LoginSteps.close_the_browser()

    Embedding screenshot [image/png 64905 bytes]

]]></system-out>
    <system-err><![CDATA[Starting ChromeDriver 93.0.4577.15 (660fc11082ba57405eca2e8c49c3e1af756fbfae-refs/branch-heads/4577@{#203}) on port 37548
Only local connections are allowed.
Please see https://chromedriver.chromium.org/security-considerations for suggestions on keeping ChromeDriver safe.
ChromeDriver was started successfully.
[1634700445.768][WARNING]: This version of ChromeDriver has not been tested with Chrome version 94.
Oct 20, 2021 8:57:25 AM org.openqa.selenium.remote.ProtocolHandshake createSession
INFO: Detected dialect: W3C
]]></system-err>
  </testcase>
  <testcase name="login with valid and Invalid credentials #4" classname="Test login functionality" time="4.838">
    <error message="Invalid page with different title" type="java.lang.Exception">java.lang.Exception: Invalid page with different title
</error>
    <system-out><![CDATA[
Scenario Outline: login with valid and Invalid credentials                                 # Features/loginpage.feature:18
  Given user opens the browser                                                             # stepDefinitions.LoginSteps.user_opens_the_browser()
  When user opens the URL "https://admin-demo.nopcommerce.com/login"                       # stepDefinitions.LoginSteps.user_opens_the_URL(java.lang.String)
  And user enters email as "dcr@gmail.com" and password as "dcr"                           # stepDefinitions.LoginSteps.user_enters_email_as_and_password_as(java.lang.String,java.lang.String)
  And user click on login button                                                           # stepDefinitions.LoginSteps.user_click_on_login_button()
Expected: Dashboard / nopCommerce administration----------Actual: Your store. Login
  Then the page with title should be "Dashboard / nopCommerce administration" is displayed # stepDefinitions.LoginSteps.the_page_with_title_should_be_is_displayed(java.lang.String)
      java.lang.Exception: Invalid page with different title
	at stepDefinitions.LoginSteps.the_page_with_title_should_be_is_displayed(LoginSteps.java:46)
	at âœ½.the page with title should be "Dashboard / nopCommerce administration" is displayed(file:///C:/Users/chowd/eclipse-workspace/Cucumber-6-project/Features/loginpage.feature:8)

  When user clicks on the logout lik                                                       # stepDefinitions.LoginSteps.user_clicks_on_the_logout_lik()
  Then the page title should be "Your store. Login"                                        # stepDefinitions.LoginSteps.the_page_title_should_be(java.lang.String)
  And close the browser                                                                    # stepDefinitions.LoginSteps.close_the_browser()

    Embedding screenshot [image/png 64905 bytes]

]]></system-out>
    <system-err><![CDATA[Starting ChromeDriver 93.0.4577.15 (660fc11082ba57405eca2e8c49c3e1af756fbfae-refs/branch-heads/4577@{#203}) on port 32001
Only local connections are allowed.
Please see https://chromedriver.chromium.org/security-considerations for suggestions on keeping ChromeDriver safe.
ChromeDriver was started successfully.
[1634700453.590][WARNING]: This version of ChromeDriver has not been tested with Chrome version 94.
Oct 20, 2021 8:57:33 AM org.openqa.selenium.remote.ProtocolHandshake createSession
INFO: Detected dialect: W3C
]]></system-err>
  </testcase>
</testsuite>